<?xml version="1.0" encoding="UTF-8"?>
<!-- Generated by org.testng.reporters.JUnitReportReporter -->
<testsuite hostname="Rishis-MacBook-Pro.local" failures="0" tests="2" name="Tests.TestsExamples" time="3.215" errors="0" timestamp="2022-05-02T23:13:42 PDT" skipped="0">
  <testcase classname="Tests.TestsExamples" name="test_1" time="2.031"/>
  <system-out/>
  <testcase classname="Tests.TestsExamples" name="test_2" time="1.184"/>
  <system-out/>
</testsuite> <!-- Tests.TestsExamples -->
