<?xml version="1.0" encoding="UTF-8"?>
<!-- Generated by org.testng.reporters.JUnitReportReporter -->
<testsuite hostname="Rishis-MacBook-Pro.local" failures="0" tests="1" name="Tests.GetAndPostExamples" time="2.851" errors="0" timestamp="2022-07-05T23:17:19 PDT" skipped="0">
  <testcase classname="Tests.GetAndPostExamples" name="testPost" time="2.851"/>
  <system-out/>
</testsuite> <!-- Tests.GetAndPostExamples -->
