<?xml version="1.0" encoding="UTF-8"?>
<!-- Generated by org.testng.reporters.JUnitReportReporter -->
<testsuite hostname="Rishis-MacBook-Pro.local" failures="0" tests="1" name="Tests.SelfPracticeTest" time="4.268" errors="0" timestamp="2022-05-03T00:51:36 PDT" skipped="0">
  <testcase classname="Tests.SelfPracticeTest" name="Test1" time="4.268"/>
  <system-out/>
</testsuite> <!-- Tests.SelfPracticeTest -->
