<?xml version="1.0" encoding="UTF-8"?>
<!-- Generated by org.testng.reporters.JUnitReportReporter -->
<testsuite hostname="Rishis-MacBook-Pro.local" failures="0" tests="1" name="Tests.Practice" time="0.008" errors="0" timestamp="2022-05-09T11:59:42 PDT" skipped="0">
  <testcase classname="Tests.Practice" name="googleTitleTest" time="0.008"/>
  <system-out/>
</testsuite> <!-- Tests.Practice -->
