<?xml version="1.0" encoding="UTF-8"?>
<!-- Generated by org.testng.reporters.JUnitReportReporter -->
<testsuite hostname="Rishis-MacBook-Pro.local" failures="0" tests="3" name="Tests.PutPatchAndDeleteExamples" time="3.816" errors="0" timestamp="2022-05-04T02:13:39 PDT" skipped="0">
  <testcase classname="Tests.PutPatchAndDeleteExamples" name="testPut" time="0.547"/>
  <system-out/>
  <testcase classname="Tests.PutPatchAndDeleteExamples" name="testPatch" time="0.689"/>
  <system-out/>
  <testcase classname="Tests.PutPatchAndDeleteExamples" name="testDelete" time="2.580"/>
  <system-out/>
</testsuite> <!-- Tests.PutPatchAndDeleteExamples -->
